# JRE version: OpenJDK Runtime Environment Temurin-21.0.3+9 (21.0.3+9) (build 21.0.3+9-LTS)
# Java VM: OpenJDK 64-Bit Server VM Temurin-21.0.3+9 (21.0.3+9-LTS, mixed mode, sharing, tiered, compressed oops, compressed class ptrs, g1 gc, windows-amd64)
GC Precious Log:
 CardTable entry size: 512
 Card Set container configuration: InlinePtr #cards 5 size 8 Array Of Cards #cards 12 size 40 Howl #buckets 4 coarsen threshold 1843 Howl Bitmap #cards 512 size 80 coarsen threshold 460 Card regions per heap region 1 cards per card region 2048
 CPUs: 8 total, 8 available
 Memory: 32623M
 Large Page Support: Disabled
 NUMA Support: Disabled
 Compressed Oops: Enabled (32-bit)
 Heap Region Size: 1M
 Heap Min Capacity: 256M
 Heap Initial Capacity: 256M
 Heap Max Capacity: 512M
 Pre-touch: Disabled
 Parallel Workers: 8
 Concurrent Workers: 2
 Concurrent Refinement Workers: 8
 Periodic GC: Disabled
Heap:
 garbage-first heap   total 262144K, used 105929K [0x00000000e0000000, 0x0000000100000000)
  region size 1024K, 74 young (75776K), 20 survivors (20480K)
 Metaspace       used 60326K, committed 62336K, reserved 393216K
  class space    used 8597K, committed 9600K, reserved 327680K
GC Heap History (18 events):
Event: 1.897 GC heap before
{Heap before GC invocations=0 (full 0):
 garbage-first heap   total 262144K, used 23552K [0x00000000e0000000, 0x0000000100000000)
  region size 1024K, 23 young (23552K), 0 survivors (0K)
 Metaspace       used 923K, committed 1088K, reserved 393216K
  class space    used 69K, committed 128K, reserved 327680K
}
Event: 1.914 GC heap after
{Heap after GC invocations=1 (full 0):
 garbage-first heap   total 262144K, used 1535K [0x00000000e0000000, 0x0000000100000000)
  region size 1024K, 2 young (2048K), 2 survivors (2048K)
 Metaspace       used 923K, committed 1088K, reserved 393216K
  class space    used 69K, committed 128K, reserved 327680K
}
Event: 4.088 GC heap before
{Heap before GC invocations=1 (full 0):
 garbage-first heap   total 262144K, used 40447K [0x00000000e0000000, 0x0000000100000000)
  region size 1024K, 38 young (38912K), 2 survivors (2048K)
 Metaspace       used 4398K, committed 4608K, reserved 393216K
  class space    used 546K, committed 640K, reserved 327680K
}
Event: 4.092 GC heap after
{Heap after GC invocations=2 (full 0):
 garbage-first heap   total 262144K, used 11129K [0x00000000e0000000, 0x0000000100000000)
  region size 1024K, 5 young (5120K), 5 survivors (5120K)
 Metaspace       used 4398K, committed 4608K, reserved 393216K
  class space    used 546K, committed 640K, reserved 327680K
}
Event: 7.334 GC heap before
{Heap before GC invocations=2 (full 0):
 garbage-first heap   total 262144K, used 75641K [0x00000000e0000000, 0x0000000100000000)
  region size 1024K, 66 young (67584K), 5 survivors (5120K)
 Metaspace       used 8577K, committed 8896K, reserved 393216K
  class space    used 1136K, committed 1280K, reserved 327680K
}
Event: 7.343 GC heap after
{Heap after GC invocations=3 (full 0):
 garbage-first heap   total 262144K, used 18430K [0x00000000e0000000, 0x0000000100000000)
  region size 1024K, 9 young (9216K), 9 survivors (9216K)
 Metaspace       used 8577K, committed 8896K, reserved 393216K
  class space    used 1136K, committed 1280K, reserved 327680K
}
Event: 10.689 GC heap before
{Heap before GC invocations=3 (full 0):
 garbage-first heap   total 262144K, used 97278K [0x00000000e0000000, 0x0000000100000000)
  region size 1024K, 87 young (89088K), 9 survivors (9216K)
 Metaspace       used 20874K, committed 21504K, reserved 393216K
  class space    used 3031K, committed 3328K, reserved 327680K
}
Event: 10.701 GC heap after
{Heap after GC invocations=4 (full 0):
 garbage-first heap   total 262144K, used 24037K [0x00000000e0000000, 0x0000000100000000)
  region size 1024K, 15 young (15360K), 15 survivors (15360K)
 Metaspace       used 20874K, committed 21504K, reserved 393216K
  class space    used 3031K, committed 3328K, reserved 327680K
}
Event: 18.297 GC heap before
{Heap before GC invocations=5 (full 0):
 garbage-first heap   total 262144K, used 133605K [0x00000000e0000000, 0x0000000100000000)
  region size 1024K, 119 young (121856K), 15 survivors (15360K)
 Metaspace       used 35007K, committed 35968K, reserved 393216K
  class space    used 4858K, committed 5312K, reserved 327680K
}
Event: 18.314 GC heap after
{Heap after GC invocations=6 (full 0):
 garbage-first heap   total 262144K, used 32793K [0x00000000e0000000, 0x0000000100000000)
  region size 1024K, 19 young (19456K), 19 survivors (19456K)
 Metaspace       used 35007K, committed 35968K, reserved 393216K
  class space    used 4858K, committed 5312K, reserved 327680K
}
Event: 18.393 GC heap before
{Heap before GC invocations=6 (full 0):
 garbage-first heap   total 262144K, used 34841K [0x00000000e0000000, 0x0000000100000000)
  region size 1024K, 22 young (22528K), 19 survivors (19456K)
 Metaspace       used 35278K, committed 36288K, reserved 393216K
  class space    used 4883K, committed 5376K, reserved 327680K
}
Event: 18.406 GC heap after
{Heap after GC invocations=7 (full 0):
 garbage-first heap   total 262144K, used 33123K [0x00000000e0000000, 0x0000000100000000)
  region size 1024K, 10 young (10240K), 10 survivors (10240K)
 Metaspace       used 35278K, committed 36288K, reserved 393216K
  class space    used 4883K, committed 5376K, reserved 327680K
}
Event: 18.740 GC heap before
{Heap before GC invocations=7 (full 0):
 garbage-first heap   total 262144K, used 38243K [0x00000000e0000000, 0x0000000100000000)
  region size 1024K, 16 young (16384K), 10 survivors (10240K)
 Metaspace       used 35581K, committed 36608K, reserved 393216K
  class space    used 4925K, committed 5440K, reserved 327680K
}
Event: 18.749 GC heap after
{Heap after GC invocations=8 (full 0):
 garbage-first heap   total 262144K, used 32753K [0x00000000e0000000, 0x0000000100000000)
  region size 1024K, 9 young (9216K), 9 survivors (9216K)
 Metaspace       used 35581K, committed 36608K, reserved 393216K
  class space    used 4925K, committed 5440K, reserved 327680K
}
Event: 26.990 GC heap before
{Heap before GC invocations=9 (full 0):
 garbage-first heap   total 262144K, used 181233K [0x00000000e0000000, 0x0000000100000000)
  region size 1024K, 153 young (156672K), 9 survivors (9216K)
 Metaspace       used 51021K, committed 52736K, reserved 393216K
  class space    used 7301K, committed 8128K, reserved 327680K
}
Event: 27.007 GC heap after
{Heap after GC invocations=10 (full 0):
 garbage-first heap   total 262144K, used 40554K [0x00000000e0000000, 0x0000000100000000)
  region size 1024K, 17 young (17408K), 17 survivors (17408K)
 Metaspace       used 51021K, committed 52736K, reserved 393216K
  class space    used 7301K, committed 8128K, reserved 327680K
}
Event: 34.781 GC heap before
{Heap before GC invocations=10 (full 0):
 garbage-first heap   total 262144K, used 167530K [0x00000000e0000000, 0x0000000100000000)
  region size 1024K, 142 young (145408K), 17 survivors (17408K)
 Metaspace       used 59219K, committed 61120K, reserved 393216K
  class space    used 8532K, committed 9472K, reserved 327680K
}
Event: 34.802 GC heap after
{Heap after GC invocations=11 (full 0):
 garbage-first heap   total 262144K, used 51657K [0x00000000e0000000, 0x0000000100000000)
  region size 1024K, 20 young (20480K), 20 survivors (20480K)
 Metaspace       used 59219K, committed 61120K, reserved 393216K
  class space    used 8532K, committed 9472K, reserved 327680K
}

