# JRE version: OpenJDK Runtime Environment Corretto-17.0.12.7.1 (17.0.12+7) (build 17.0.12+7-LTS)
# Java VM: OpenJDK 64-Bit Server VM Corretto-17.0.12.7.1 (17.0.12+7-LTS, mixed mode, sharing, tiered, compressed oops, compressed class ptrs, g1 gc, windows-amd64)
GC Precious Log:
 CPUs: 8 total, 8 available
 Memory: 32623M
 Large Page Support: Disabled
 NUMA Support: Disabled
 Compressed Oops: Enabled (32-bit)
 Heap Region Size: 1M
 Heap Min Capacity: 256M
 Heap Initial Capacity: 256M
 Heap Max Capacity: 512M
 Pre-touch: Disabled
 Parallel Workers: 8
 Concurrent Workers: 2
 Concurrent Refinement Workers: 8
 Periodic GC: Disabled
Heap:
 garbage-first heap   total 262144K, used 75574K [0x00000000e0000000, 0x0000000100000000)
  region size 1024K, 43 young (44032K), 1 survivors (1024K)
 Metaspace       used 41273K, committed 41664K, reserved 393216K
  class space    used 5718K, committed 5888K, reserved 327680K
GC Heap History (14 events):
Event: 1.528 GC heap before
{Heap before GC invocations=0 (full 0):
 garbage-first heap   total 262144K, used 23552K [0x00000000e0000000, 0x0000000100000000)
  region size 1024K, 23 young (23552K), 0 survivors (0K)
 Metaspace       used 1036K, committed 1152K, reserved 393216K
  class space    used 72K, committed 128K, reserved 327680K
}
Event: 1.534 GC heap after
{Heap after GC invocations=1 (full 0):
 garbage-first heap   total 262144K, used 1994K [0x00000000e0000000, 0x0000000100000000)
  region size 1024K, 2 young (2048K), 2 survivors (2048K)
 Metaspace       used 1036K, committed 1152K, reserved 393216K
  class space    used 72K, committed 128K, reserved 327680K
}
Event: 3.380 GC heap before
{Heap before GC invocations=1 (full 0):
 garbage-first heap   total 262144K, used 38858K [0x00000000e0000000, 0x0000000100000000)
  region size 1024K, 36 young (36864K), 2 survivors (2048K)
 Metaspace       used 4373K, committed 4544K, reserved 393216K
  class space    used 546K, committed 640K, reserved 327680K
}
Event: 3.384 GC heap after
{Heap after GC invocations=2 (full 0):
 garbage-first heap   total 262144K, used 11000K [0x00000000e0000000, 0x0000000100000000)
  region size 1024K, 5 young (5120K), 5 survivors (5120K)
 Metaspace       used 4373K, committed 4544K, reserved 393216K
  class space    used 546K, committed 640K, reserved 327680K
}
Event: 27.778 GC heap before
{Heap before GC invocations=2 (full 0):
 garbage-first heap   total 262144K, used 59128K [0x00000000e0000000, 0x0000000100000000)
  region size 1024K, 50 young (51200K), 5 survivors (5120K)
 Metaspace       used 4583K, committed 4800K, reserved 393216K
  class space    used 566K, committed 640K, reserved 327680K
}
Event: 27.791 GC heap after
{Heap after GC invocations=3 (full 0):
 garbage-first heap   total 262144K, used 16038K [0x00000000e0000000, 0x0000000100000000)
  region size 1024K, 4 young (4096K), 4 survivors (4096K)
 Metaspace       used 4583K, committed 4800K, reserved 393216K
  class space    used 566K, committed 640K, reserved 327680K
}
Event: 48.834 GC heap before
{Heap before GC invocations=3 (full 0):
 garbage-first heap   total 262144K, used 127654K [0x00000000e0000000, 0x0000000100000000)
  region size 1024K, 114 young (116736K), 4 survivors (4096K)
 Metaspace       used 21181K, committed 21504K, reserved 393216K
  class space    used 3081K, committed 3264K, reserved 327680K
}
Event: 48.895 GC heap after
{Heap after GC invocations=4 (full 0):
 garbage-first heap   total 262144K, used 23823K [0x00000000e0000000, 0x0000000100000000)
  region size 1024K, 12 young (12288K), 12 survivors (12288K)
 Metaspace       used 21181K, committed 21504K, reserved 393216K
  class space    used 3081K, committed 3264K, reserved 327680K
}
Event: 114.928 GC heap before
{Heap before GC invocations=5 (full 0):
 garbage-first heap   total 262144K, used 155919K [0x00000000e0000000, 0x0000000100000000)
  region size 1024K, 138 young (141312K), 12 survivors (12288K)
 Metaspace       used 35872K, committed 36288K, reserved 393216K
  class space    used 4960K, committed 5184K, reserved 327680K
}
Event: 114.947 GC heap after
{Heap after GC invocations=6 (full 0):
 garbage-first heap   total 262144K, used 32759K [0x00000000e0000000, 0x0000000100000000)
  region size 1024K, 17 young (17408K), 17 survivors (17408K)
 Metaspace       used 35872K, committed 36288K, reserved 393216K
  class space    used 4960K, committed 5184K, reserved 327680K
}
Event: 115.059 GC heap before
{Heap before GC invocations=6 (full 0):
 garbage-first heap   total 262144K, used 33783K [0x00000000e0000000, 0x0000000100000000)
  region size 1024K, 18 young (18432K), 17 survivors (17408K)
 Metaspace       used 36001K, committed 36416K, reserved 393216K
  class space    used 4982K, committed 5184K, reserved 327680K
}
Event: 115.074 GC heap after
{Heap after GC invocations=7 (full 0):
 garbage-first heap   total 262144K, used 33086K [0x00000000e0000000, 0x0000000100000000)
  region size 1024K, 2 young (2048K), 2 survivors (2048K)
 Metaspace       used 36001K, committed 36416K, reserved 393216K
  class space    used 4982K, committed 5184K, reserved 327680K
}
Event: 115.348 GC heap before
{Heap before GC invocations=7 (full 0):
 garbage-first heap   total 262144K, used 35134K [0x00000000e0000000, 0x0000000100000000)
  region size 1024K, 5 young (5120K), 2 survivors (2048K)
 Metaspace       used 36184K, committed 36608K, reserved 393216K
  class space    used 5008K, committed 5184K, reserved 327680K
}
Event: 115.350 GC heap after
{Heap after GC invocations=8 (full 0):
 garbage-first heap   total 262144K, used 31542K [0x00000000e0000000, 0x0000000100000000)
  region size 1024K, 1 young (1024K), 1 survivors (1024K)
 Metaspace       used 36184K, committed 36608K, reserved 393216K
  class space    used 5008K, committed 5184K, reserved 327680K
}

