# JRE version: OpenJDK Runtime Environment Corretto-17.0.12.7.1 (17.0.12+7) (build 17.0.12+7-LTS)
# Java VM: OpenJDK 64-Bit Server VM Corretto-17.0.12.7.1 (17.0.12+7-LTS, mixed mode, sharing, tiered, compressed oops, compressed class ptrs, g1 gc, windows-amd64)
GC Precious Log:
 CPUs: 8 total, 8 available
 Memory: 32623M
 Large Page Support: Disabled
 NUMA Support: Disabled
 Compressed Oops: Enabled (32-bit)
 Heap Region Size: 1M
 Heap Min Capacity: 256M
 Heap Initial Capacity: 256M
 Heap Max Capacity: 512M
 Pre-touch: Disabled
 Parallel Workers: 8
 Concurrent Workers: 2
 Concurrent Refinement Workers: 8
 Periodic GC: Disabled
Heap:
 garbage-first heap   total 262144K, used 125968K [0x00000000e0000000, 0x0000000100000000)
  region size 1024K, 18 young (18432K), 13 survivors (13312K)
 Metaspace       used 87684K, committed 88640K, reserved 458752K
  class space    used 11431K, committed 11904K, reserved 327680K
GC Heap History (20 events):
Event: 381.727 GC heap after
{Heap after GC invocations=26 (full 0):
 garbage-first heap   total 262144K, used 121184K [0x00000000e0000000, 0x0000000100000000)
  region size 1024K, 2 young (2048K), 2 survivors (2048K)
 Metaspace       used 92967K, committed 94080K, reserved 458752K
  class space    used 12205K, committed 12800K, reserved 327680K
}
Event: 381.939 GC heap before
{Heap before GC invocations=26 (full 0):
 garbage-first heap   total 262144K, used 130400K [0x00000000e0000000, 0x0000000100000000)
  region size 1024K, 12 young (12288K), 2 survivors (2048K)
 Metaspace       used 92967K, committed 94080K, reserved 458752K
  class space    used 12205K, committed 12800K, reserved 327680K
}
Event: 381.944 GC heap after
{Heap after GC invocations=27 (full 0):
 garbage-first heap   total 262144K, used 104166K [0x00000000e0000000, 0x0000000100000000)
  region size 1024K, 2 young (2048K), 2 survivors (2048K)
 Metaspace       used 92967K, committed 94080K, reserved 458752K
  class space    used 12205K, committed 12800K, reserved 327680K
}
Event: 384.001 GC heap before
{Heap before GC invocations=27 (full 0):
 garbage-first heap   total 262144K, used 205542K [0x00000000e0000000, 0x0000000100000000)
  region size 1024K, 102 young (104448K), 2 survivors (2048K)
 Metaspace       used 93244K, committed 94336K, reserved 458752K
  class space    used 12236K, committed 12800K, reserved 327680K
}
Event: 384.013 GC heap after
{Heap after GC invocations=28 (full 0):
 garbage-first heap   total 262144K, used 118031K [0x00000000e0000000, 0x0000000100000000)
  region size 1024K, 13 young (13312K), 13 survivors (13312K)
 Metaspace       used 93244K, committed 94336K, reserved 458752K
  class space    used 12236K, committed 12800K, reserved 327680K
}
Event: 387.573 GC heap before
{Heap before GC invocations=28 (full 0):
 garbage-first heap   total 262144K, used 204047K [0x00000000e0000000, 0x0000000100000000)
  region size 1024K, 98 young (100352K), 13 survivors (13312K)
 Metaspace       used 97291K, committed 98304K, reserved 458752K
  class space    used 12763K, committed 13248K, reserved 327680K
}
Event: 387.587 GC heap after
{Heap after GC invocations=29 (full 0):
 garbage-first heap   total 262144K, used 122803K [0x00000000e0000000, 0x0000000100000000)
  region size 1024K, 5 young (5120K), 5 survivors (5120K)
 Metaspace       used 97291K, committed 98304K, reserved 458752K
  class space    used 12763K, committed 13248K, reserved 327680K
}
Event: 1010.884 GC heap before
{Heap before GC invocations=29 (full 0):
 garbage-first heap   total 262144K, used 207795K [0x00000000e0000000, 0x0000000100000000)
  region size 1024K, 89 young (91136K), 5 survivors (5120K)
 Metaspace       used 99196K, committed 100288K, reserved 458752K
  class space    used 12986K, committed 13504K, reserved 327680K
}
Event: 1010.893 GC heap after
{Heap after GC invocations=30 (full 0):
 garbage-first heap   total 262144K, used 125693K [0x00000000e0000000, 0x0000000100000000)
  region size 1024K, 8 young (8192K), 8 survivors (8192K)
 Metaspace       used 99196K, committed 100288K, reserved 458752K
  class space    used 12986K, committed 13504K, reserved 327680K
}
Event: 1023.878 GC heap before
{Heap before GC invocations=31 (full 0):
 garbage-first heap   total 262144K, used 208637K [0x00000000e0000000, 0x0000000100000000)
  region size 1024K, 92 young (94208K), 8 survivors (8192K)
 Metaspace       used 81032K, committed 84992K, reserved 458752K
  class space    used 10549K, committed 11712K, reserved 327680K
}
Event: 1023.890 GC heap after
{Heap after GC invocations=32 (full 0):
 garbage-first heap   total 262144K, used 130570K [0x00000000e0000000, 0x0000000100000000)
  region size 1024K, 11 young (11264K), 11 survivors (11264K)
 Metaspace       used 81032K, committed 84992K, reserved 458752K
  class space    used 10549K, committed 11712K, reserved 327680K
}
Event: 1023.894 GC heap before
{Heap before GC invocations=32 (full 0):
 garbage-first heap   total 262144K, used 131594K [0x00000000e0000000, 0x0000000100000000)
  region size 1024K, 12 young (12288K), 11 survivors (11264K)
 Metaspace       used 81032K, committed 84992K, reserved 458752K
  class space    used 10549K, committed 11712K, reserved 327680K
}
Event: 1023.903 GC heap after
{Heap after GC invocations=33 (full 0):
 garbage-first heap   total 262144K, used 105617K [0x00000000e0000000, 0x0000000100000000)
  region size 1024K, 1 young (1024K), 1 survivors (1024K)
 Metaspace       used 81032K, committed 84992K, reserved 458752K
  class space    used 10549K, committed 11712K, reserved 327680K
}
Event: 1025.241 GC heap before
{Heap before GC invocations=33 (full 0):
 garbage-first heap   total 262144K, used 116881K [0x00000000e0000000, 0x0000000100000000)
  region size 1024K, 12 young (12288K), 1 survivors (1024K)
 Metaspace       used 81032K, committed 84992K, reserved 458752K
  class space    used 10549K, committed 11712K, reserved 327680K
}
Event: 1025.253 GC heap after
{Heap after GC invocations=34 (full 0):
 garbage-first heap   total 262144K, used 92356K [0x00000000e0000000, 0x0000000100000000)
  region size 1024K, 2 young (2048K), 2 survivors (2048K)
 Metaspace       used 81032K, committed 84992K, reserved 458752K
  class space    used 10549K, committed 11712K, reserved 327680K
}
Event: 1047.108 GC heap before
{Heap before GC invocations=34 (full 0):
 garbage-first heap   total 262144K, used 206020K [0x00000000e0000000, 0x0000000100000000)
  region size 1024K, 114 young (116736K), 2 survivors (2048K)
 Metaspace       used 83192K, committed 84992K, reserved 458752K
  class space    used 10820K, committed 11712K, reserved 327680K
}
Event: 1047.117 GC heap after
{Heap after GC invocations=35 (full 0):
 garbage-first heap   total 262144K, used 108544K [0x00000000e0000000, 0x0000000100000000)
  region size 1024K, 15 young (15360K), 15 survivors (15360K)
 Metaspace       used 83192K, committed 84992K, reserved 458752K
  class space    used 10820K, committed 11712K, reserved 327680K
}
Event: 1049.175 GC heap before
{Heap before GC invocations=35 (full 0):
 garbage-first heap   total 262144K, used 203776K [0x00000000e0000000, 0x0000000100000000)
  region size 1024K, 108 young (110592K), 15 survivors (15360K)
 Metaspace       used 87232K, committed 88000K, reserved 458752K
  class space    used 11370K, committed 11776K, reserved 327680K
}
Event: 1049.187 GC heap after
{Heap after GC invocations=36 (full 0):
 garbage-first heap   total 262144K, used 114309K [0x00000000e0000000, 0x0000000100000000)
  region size 1024K, 6 young (6144K), 6 survivors (6144K)
 Metaspace       used 87232K, committed 88000K, reserved 458752K
  class space    used 11370K, committed 11776K, reserved 327680K
}
Event: 1053.541 GC heap before
{Heap before GC invocations=36 (full 0):
 garbage-first heap   total 262144K, used 206469K [0x00000000e0000000, 0x0000000100000000)
  region size 1024K, 97 young (99328K), 6 survivors (6144K)
 Metaspace       used 87684K, committed 88640K, reserved 458752K
  class space    used 11431K, committed 11904K, reserved 327680K
}

