# JRE version: Java(TM) SE Runtime Environment (17.0.12+8) (build 17.0.12+8-LTS-286)
# Java VM: Java HotSpot(TM) 64-Bit Server VM (17.0.12+8-LTS-286, mixed mode, sharing, tiered, compressed oops, compressed class ptrs, g1 gc, windows-amd64)
GC Precious Log:
 CPUs: 8 total, 8 available
 Memory: 32623M
 Large Page Support: Disabled
 NUMA Support: Disabled
 Compressed Oops: Enabled (32-bit)
 Heap Region Size: 1M
 Heap Min Capacity: 256M
 Heap Initial Capacity: 256M
 Heap Max Capacity: 512M
 Pre-touch: Disabled
 Parallel Workers: 8
 Concurrent Workers: 2
 Concurrent Refinement Workers: 8
 Periodic GC: Disabled
Heap:
 garbage-first heap   total 319488K, used 206848K [0x00000000e0000000, 0x0000000100000000)
  region size 1024K, 7 young (7168K), 4 survivors (4096K)
 Metaspace       used 89705K, committed 90752K, reserved 458752K
  class space    used 11953K, committed 12416K, reserved 327680K
GC Heap History (20 events):
Event: 54.939 GC heap before
{Heap before GC invocations=29 (full 0):
 garbage-first heap   total 319488K, used 263387K [0x00000000e0000000, 0x0000000100000000)
  region size 1024K, 110 young (112640K), 1 survivors (1024K)
 Metaspace       used 84624K, committed 85568K, reserved 458752K
  class space    used 11415K, committed 11840K, reserved 327680K
}
Event: 54.948 GC heap after
{Heap after GC invocations=30 (full 0):
 garbage-first heap   total 319488K, used 169248K [0x00000000e0000000, 0x0000000100000000)
  region size 1024K, 14 young (14336K), 14 survivors (14336K)
 Metaspace       used 84624K, committed 85568K, reserved 458752K
  class space    used 11415K, committed 11840K, reserved 327680K
}
Event: 165.459 GC heap before
{Heap before GC invocations=30 (full 0):
 garbage-first heap   total 319488K, used 257312K [0x00000000e0000000, 0x0000000100000000)
  region size 1024K, 101 young (103424K), 14 survivors (14336K)
 Metaspace       used 86998K, committed 88000K, reserved 458752K
  class space    used 11716K, committed 12160K, reserved 327680K
}
Event: 165.470 GC heap after
{Heap after GC invocations=31 (full 0):
 garbage-first heap   total 319488K, used 172376K [0x00000000e0000000, 0x0000000100000000)
  region size 1024K, 7 young (7168K), 7 survivors (7168K)
 Metaspace       used 86998K, committed 88000K, reserved 458752K
  class space    used 11716K, committed 12160K, reserved 327680K
}
Event: 166.158 GC heap before
{Heap before GC invocations=31 (full 0):
 garbage-first heap   total 319488K, used 259416K [0x00000000e0000000, 0x0000000100000000)
  region size 1024K, 93 young (95232K), 7 survivors (7168K)
 Metaspace       used 87141K, committed 88128K, reserved 458752K
  class space    used 11717K, committed 12160K, reserved 327680K
}
Event: 166.168 GC heap after
{Heap after GC invocations=32 (full 0):
 garbage-first heap   total 319488K, used 181643K [0x00000000e0000000, 0x0000000100000000)
  region size 1024K, 10 young (10240K), 10 survivors (10240K)
 Metaspace       used 87141K, committed 88128K, reserved 458752K
  class space    used 11717K, committed 12160K, reserved 327680K
}
Event: 166.715 GC heap before
{Heap before GC invocations=32 (full 0):
 garbage-first heap   total 319488K, used 261515K [0x00000000e0000000, 0x0000000100000000)
  region size 1024K, 88 young (90112K), 10 survivors (10240K)
 Metaspace       used 87184K, committed 88192K, reserved 458752K
  class space    used 11718K, committed 12160K, reserved 327680K
}
Event: 166.721 GC heap after
{Heap after GC invocations=33 (full 0):
 garbage-first heap   total 319488K, used 180801K [0x00000000e0000000, 0x0000000100000000)
  region size 1024K, 5 young (5120K), 5 survivors (5120K)
 Metaspace       used 87184K, committed 88192K, reserved 458752K
  class space    used 11718K, committed 12160K, reserved 327680K
}
Event: 166.953 GC heap before
{Heap before GC invocations=33 (full 0):
 garbage-first heap   total 319488K, used 262721K [0x00000000e0000000, 0x0000000100000000)
  region size 1024K, 85 young (87040K), 5 survivors (5120K)
 Metaspace       used 87184K, committed 88192K, reserved 458752K
  class space    used 11718K, committed 12160K, reserved 327680K
}
Event: 166.956 GC heap after
{Heap after GC invocations=34 (full 0):
 garbage-first heap   total 319488K, used 180160K [0x00000000e0000000, 0x0000000100000000)
  region size 1024K, 4 young (4096K), 4 survivors (4096K)
 Metaspace       used 87184K, committed 88192K, reserved 458752K
  class space    used 11718K, committed 12160K, reserved 327680K
}
Event: 167.212 GC heap before
{Heap before GC invocations=34 (full 0):
 garbage-first heap   total 319488K, used 267200K [0x00000000e0000000, 0x0000000100000000)
  region size 1024K, 89 young (91136K), 4 survivors (4096K)
 Metaspace       used 87184K, committed 88192K, reserved 458752K
  class space    used 11718K, committed 12160K, reserved 327680K
}
Event: 167.216 GC heap after
{Heap after GC invocations=35 (full 0):
 garbage-first heap   total 319488K, used 180153K [0x00000000e0000000, 0x0000000100000000)
  region size 1024K, 4 young (4096K), 4 survivors (4096K)
 Metaspace       used 87184K, committed 88192K, reserved 458752K
  class space    used 11718K, committed 12160K, reserved 327680K
}
Event: 168.816 GC heap before
{Heap before GC invocations=35 (full 0):
 garbage-first heap   total 319488K, used 270265K [0x00000000e0000000, 0x0000000100000000)
  region size 1024K, 93 young (95232K), 4 survivors (4096K)
 Metaspace       used 88442K, committed 89536K, reserved 458752K
  class space    used 11854K, committed 12352K, reserved 327680K
}
Event: 168.824 GC heap after
{Heap after GC invocations=36 (full 0):
 garbage-first heap   total 319488K, used 195173K [0x00000000e0000000, 0x0000000100000000)
  region size 1024K, 12 young (12288K), 12 survivors (12288K)
 Metaspace       used 88442K, committed 89536K, reserved 458752K
  class space    used 11854K, committed 12352K, reserved 327680K
}
Event: 175.672 GC heap before
{Heap before GC invocations=36 (full 0):
 garbage-first heap   total 319488K, used 262757K [0x00000000e0000000, 0x0000000100000000)
  region size 1024K, 79 young (80896K), 12 survivors (12288K)
 Metaspace       used 89584K, committed 90624K, reserved 458752K
  class space    used 11952K, committed 12416K, reserved 327680K
}
Event: 175.681 GC heap after
{Heap after GC invocations=37 (full 0):
 garbage-first heap   total 319488K, used 196562K [0x00000000e0000000, 0x0000000100000000)
  region size 1024K, 5 young (5120K), 5 survivors (5120K)
 Metaspace       used 89584K, committed 90624K, reserved 458752K
  class space    used 11952K, committed 12416K, reserved 327680K
}
Event: 176.733 GC heap before
{Heap before GC invocations=37 (full 0):
 garbage-first heap   total 319488K, used 264146K [0x00000000e0000000, 0x0000000100000000)
  region size 1024K, 71 young (72704K), 5 survivors (5120K)
 Metaspace       used 89668K, committed 90688K, reserved 458752K
  class space    used 11953K, committed 12416K, reserved 327680K
}
Event: 176.743 GC heap after
{Heap after GC invocations=38 (full 0):
 garbage-first heap   total 319488K, used 202003K [0x00000000e0000000, 0x0000000100000000)
  region size 1024K, 9 young (9216K), 9 survivors (9216K)
 Metaspace       used 89668K, committed 90688K, reserved 458752K
  class space    used 11953K, committed 12416K, reserved 327680K
}
Event: 177.491 GC heap before
{Heap before GC invocations=38 (full 0):
 garbage-first heap   total 319488K, used 266515K [0x00000000e0000000, 0x0000000100000000)
  region size 1024K, 72 young (73728K), 9 survivors (9216K)
 Metaspace       used 89700K, committed 90752K, reserved 458752K
  class space    used 11953K, committed 12416K, reserved 327680K
}
Event: 177.501 GC heap after
{Heap after GC invocations=39 (full 0):
 garbage-first heap   total 319488K, used 204800K [0x00000000e0000000, 0x0000000100000000)
  region size 1024K, 4 young (4096K), 4 survivors (4096K)
 Metaspace       used 89700K, committed 90752K, reserved 458752K
  class space    used 11953K, committed 12416K, reserved 327680K
}

