# JRE version: OpenJDK Runtime Environment Corretto-17.0.12.7.1 (17.0.12+7) (build 17.0.12+7-LTS)
# Java VM: OpenJDK 64-Bit Server VM Corretto-17.0.12.7.1 (17.0.12+7-LTS, mixed mode, sharing, tiered, compressed oops, compressed class ptrs, g1 gc, windows-amd64)
GC Precious Log:
 CPUs: 8 total, 8 available
 Memory: 32623M
 Large Page Support: Disabled
 NUMA Support: Disabled
 Compressed Oops: Enabled (32-bit)
 Heap Region Size: 1M
 Heap Min Capacity: 256M
 Heap Initial Capacity: 256M
 Heap Max Capacity: 512M
 Pre-touch: Disabled
 Parallel Workers: 8
 Concurrent Workers: 2
 Concurrent Refinement Workers: 8
 Periodic GC: Disabled
Heap:
 garbage-first heap   total 262144K, used 82026K [0x00000000e0000000, 0x0000000100000000)
  region size 1024K, 50 young (51200K), 1 survivors (1024K)
 Metaspace       used 41966K, committed 42368K, reserved 393216K
  class space    used 5844K, committed 6016K, reserved 327680K
GC Heap History (14 events):
Event: 1.441 GC heap before
{Heap before GC invocations=0 (full 0):
 garbage-first heap   total 262144K, used 23552K [0x00000000e0000000, 0x0000000100000000)
  region size 1024K, 23 young (23552K), 0 survivors (0K)
 Metaspace       used 1046K, committed 1216K, reserved 393216K
  class space    used 72K, committed 128K, reserved 327680K
}
Event: 1.643 GC heap after
{Heap after GC invocations=1 (full 0):
 garbage-first heap   total 262144K, used 1948K [0x00000000e0000000, 0x0000000100000000)
  region size 1024K, 2 young (2048K), 2 survivors (2048K)
 Metaspace       used 1046K, committed 1216K, reserved 393216K
  class space    used 72K, committed 128K, reserved 327680K
}
Event: 4.635 GC heap before
{Heap before GC invocations=1 (full 0):
 garbage-first heap   total 262144K, used 39836K [0x00000000e0000000, 0x0000000100000000)
  region size 1024K, 36 young (36864K), 2 survivors (2048K)
 Metaspace       used 4350K, committed 4544K, reserved 393216K
  class space    used 545K, committed 640K, reserved 327680K
}
Event: 4.646 GC heap after
{Heap after GC invocations=2 (full 0):
 garbage-first heap   total 262144K, used 10796K [0x00000000e0000000, 0x0000000100000000)
  region size 1024K, 5 young (5120K), 5 survivors (5120K)
 Metaspace       used 4350K, committed 4544K, reserved 393216K
  class space    used 545K, committed 640K, reserved 327680K
}
Event: 6.721 GC heap before
{Heap before GC invocations=2 (full 0):
 garbage-first heap   total 262144K, used 56876K [0x00000000e0000000, 0x0000000100000000)
  region size 1024K, 48 young (49152K), 5 survivors (5120K)
 Metaspace       used 4443K, committed 4608K, reserved 393216K
  class space    used 547K, committed 640K, reserved 327680K
}
Event: 6.726 GC heap after
{Heap after GC invocations=3 (full 0):
 garbage-first heap   total 262144K, used 15950K [0x00000000e0000000, 0x0000000100000000)
  region size 1024K, 4 young (4096K), 4 survivors (4096K)
 Metaspace       used 4443K, committed 4608K, reserved 393216K
  class space    used 547K, committed 640K, reserved 327680K
}
Event: 17.317 GC heap before
{Heap before GC invocations=3 (full 0):
 garbage-first heap   total 262144K, used 130638K [0x00000000e0000000, 0x0000000100000000)
  region size 1024K, 117 young (119808K), 4 survivors (4096K)
 Metaspace       used 21146K, committed 21504K, reserved 393216K
  class space    used 3079K, committed 3264K, reserved 327680K
}
Event: 17.361 GC heap after
{Heap after GC invocations=4 (full 0):
 garbage-first heap   total 262144K, used 23722K [0x00000000e0000000, 0x0000000100000000)
  region size 1024K, 12 young (12288K), 12 survivors (12288K)
 Metaspace       used 21146K, committed 21504K, reserved 393216K
  class space    used 3079K, committed 3264K, reserved 327680K
}
Event: 36.666 GC heap before
{Heap before GC invocations=5 (full 0):
 garbage-first heap   total 262144K, used 148650K [0x00000000e0000000, 0x0000000100000000)
  region size 1024K, 131 young (134144K), 12 survivors (12288K)
 Metaspace       used 35710K, committed 36160K, reserved 393216K
  class space    used 4942K, committed 5120K, reserved 327680K
}
Event: 36.683 GC heap after
{Heap after GC invocations=6 (full 0):
 garbage-first heap   total 262144K, used 32749K [0x00000000e0000000, 0x0000000100000000)
  region size 1024K, 17 young (17408K), 17 survivors (17408K)
 Metaspace       used 35710K, committed 36160K, reserved 393216K
  class space    used 4942K, committed 5120K, reserved 327680K
}
Event: 36.707 GC heap before
{Heap before GC invocations=6 (full 0):
 garbage-first heap   total 262144K, used 32749K [0x00000000e0000000, 0x0000000100000000)
  region size 1024K, 18 young (18432K), 17 survivors (17408K)
 Metaspace       used 35792K, committed 36288K, reserved 393216K
  class space    used 4959K, committed 5184K, reserved 327680K
}
Event: 36.720 GC heap after
{Heap after GC invocations=7 (full 0):
 garbage-first heap   total 262144K, used 33375K [0x00000000e0000000, 0x0000000100000000)
  region size 1024K, 2 young (2048K), 2 survivors (2048K)
 Metaspace       used 35792K, committed 36288K, reserved 393216K
  class space    used 4959K, committed 5184K, reserved 327680K
}
Event: 37.110 GC heap before
{Heap before GC invocations=7 (full 0):
 garbage-first heap   total 262144K, used 36447K [0x00000000e0000000, 0x0000000100000000)
  region size 1024K, 6 young (6144K), 2 survivors (2048K)
 Metaspace       used 36086K, committed 36480K, reserved 393216K
  class space    used 5003K, committed 5184K, reserved 327680K
}
Event: 37.114 GC heap after
{Heap after GC invocations=8 (full 0):
 garbage-first heap   total 262144K, used 31850K [0x00000000e0000000, 0x0000000100000000)
  region size 1024K, 1 young (1024K), 1 survivors (1024K)
 Metaspace       used 36086K, committed 36480K, reserved 393216K
  class space    used 5003K, committed 5184K, reserved 327680K
}

