# JRE version: OpenJDK Runtime Environment Corretto-17.0.12.7.1 (17.0.12+7) (build 17.0.12+7-LTS)
# Java VM: OpenJDK 64-Bit Server VM Corretto-17.0.12.7.1 (17.0.12+7-LTS, mixed mode, sharing, tiered, compressed oops, compressed class ptrs, g1 gc, windows-amd64)
GC Precious Log:
 CPUs: 8 total, 8 available
 Memory: 32623M
 Large Page Support: Disabled
 NUMA Support: Disabled
 Compressed Oops: Enabled (32-bit)
 Heap Region Size: 1M
 Heap Min Capacity: 256M
 Heap Initial Capacity: 256M
 Heap Max Capacity: 512M
 Pre-touch: Disabled
 Parallel Workers: 8
 Concurrent Workers: 2
 Concurrent Refinement Workers: 8
 Periodic GC: Disabled
Heap:
 garbage-first heap   total 262144K, used 169974K [0x00000000e0000000, 0x0000000100000000)
  region size 1024K, 136 young (139264K), 1 survivors (1024K)
 Metaspace       used 49453K, committed 49984K, reserved 393216K
  class space    used 6987K, committed 7232K, reserved 327680K
GC Heap History (14 events):
Event: 18.563 GC heap before
{Heap before GC invocations=0 (full 0):
 garbage-first heap   total 262144K, used 23552K [0x00000000e0000000, 0x0000000100000000)
  region size 1024K, 23 young (23552K), 0 survivors (0K)
 Metaspace       used 1043K, committed 1152K, reserved 393216K
  class space    used 72K, committed 128K, reserved 327680K
}
Event: 18.567 GC heap after
{Heap after GC invocations=1 (full 0):
 garbage-first heap   total 262144K, used 1948K [0x00000000e0000000, 0x0000000100000000)
  region size 1024K, 2 young (2048K), 2 survivors (2048K)
 Metaspace       used 1043K, committed 1152K, reserved 393216K
  class space    used 72K, committed 128K, reserved 327680K
}
Event: 27.501 GC heap before
{Heap before GC invocations=1 (full 0):
 garbage-first heap   total 262144K, used 39836K [0x00000000e0000000, 0x0000000100000000)
  region size 1024K, 36 young (36864K), 2 survivors (2048K)
 Metaspace       used 4369K, committed 4544K, reserved 393216K
  class space    used 547K, committed 640K, reserved 327680K
}
Event: 27.506 GC heap after
{Heap after GC invocations=2 (full 0):
 garbage-first heap   total 262144K, used 11282K [0x00000000e0000000, 0x0000000100000000)
  region size 1024K, 5 young (5120K), 5 survivors (5120K)
 Metaspace       used 4369K, committed 4544K, reserved 393216K
  class space    used 547K, committed 640K, reserved 327680K
}
Event: 49.537 GC heap before
{Heap before GC invocations=2 (full 0):
 garbage-first heap   total 262144K, used 58386K [0x00000000e0000000, 0x0000000100000000)
  region size 1024K, 49 young (50176K), 5 survivors (5120K)
 Metaspace       used 4546K, committed 4736K, reserved 393216K
  class space    used 558K, committed 640K, reserved 327680K
}
Event: 49.544 GC heap after
{Heap after GC invocations=3 (full 0):
 garbage-first heap   total 262144K, used 16335K [0x00000000e0000000, 0x0000000100000000)
  region size 1024K, 4 young (4096K), 4 survivors (4096K)
 Metaspace       used 4546K, committed 4736K, reserved 393216K
  class space    used 558K, committed 640K, reserved 327680K
}
Event: 60.535 GC heap before
{Heap before GC invocations=3 (full 0):
 garbage-first heap   total 262144K, used 128975K [0x00000000e0000000, 0x0000000100000000)
  region size 1024K, 115 young (117760K), 4 survivors (4096K)
 Metaspace       used 21133K, committed 21504K, reserved 393216K
  class space    used 3078K, committed 3264K, reserved 327680K
}
Event: 60.569 GC heap after
{Heap after GC invocations=4 (full 0):
 garbage-first heap   total 262144K, used 24077K [0x00000000e0000000, 0x0000000100000000)
  region size 1024K, 12 young (12288K), 12 survivors (12288K)
 Metaspace       used 21133K, committed 21504K, reserved 393216K
  class space    used 3078K, committed 3264K, reserved 327680K
}
Event: 81.977 GC heap before
{Heap before GC invocations=5 (full 0):
 garbage-first heap   total 262144K, used 151053K [0x00000000e0000000, 0x0000000100000000)
  region size 1024K, 133 young (136192K), 12 survivors (12288K)
 Metaspace       used 35856K, committed 36288K, reserved 393216K
  class space    used 4968K, committed 5184K, reserved 327680K
}
Event: 81.996 GC heap after
{Heap after GC invocations=6 (full 0):
 garbage-first heap   total 262144K, used 33062K [0x00000000e0000000, 0x0000000100000000)
  region size 1024K, 17 young (17408K), 17 survivors (17408K)
 Metaspace       used 35856K, committed 36288K, reserved 393216K
  class space    used 4968K, committed 5184K, reserved 327680K
}
Event: 82.152 GC heap before
{Heap before GC invocations=6 (full 0):
 garbage-first heap   total 262144K, used 34086K [0x00000000e0000000, 0x0000000100000000)
  region size 1024K, 18 young (18432K), 17 survivors (17408K)
 Metaspace       used 35978K, committed 36416K, reserved 393216K
  class space    used 4988K, committed 5184K, reserved 327680K
}
Event: 82.169 GC heap after
{Heap after GC invocations=7 (full 0):
 garbage-first heap   total 262144K, used 33607K [0x00000000e0000000, 0x0000000100000000)
  region size 1024K, 3 young (3072K), 3 survivors (3072K)
 Metaspace       used 35978K, committed 36416K, reserved 393216K
  class space    used 4988K, committed 5184K, reserved 327680K
}
Event: 82.540 GC heap before
{Heap before GC invocations=7 (full 0):
 garbage-first heap   total 262144K, used 35655K [0x00000000e0000000, 0x0000000100000000)
  region size 1024K, 6 young (6144K), 3 survivors (3072K)
 Metaspace       used 36162K, committed 36608K, reserved 393216K
  class space    used 5016K, committed 5248K, reserved 327680K
}
Event: 82.542 GC heap after
{Heap after GC invocations=8 (full 0):
 garbage-first heap   total 262144K, used 31734K [0x00000000e0000000, 0x0000000100000000)
  region size 1024K, 1 young (1024K), 1 survivors (1024K)
 Metaspace       used 36162K, committed 36608K, reserved 393216K
  class space    used 5016K, committed 5248K, reserved 327680K
}

