# JRE version: Java(TM) SE Runtime Environment (17.0.12+8) (build 17.0.12+8-LTS-286)
# Java VM: Java HotSpot(TM) 64-Bit Server VM (17.0.12+8-LTS-286, mixed mode, sharing, tiered, compressed oops, compressed class ptrs, g1 gc, windows-amd64)
GC Precious Log:
 CPUs: 8 total, 8 available
 Memory: 32623M
 Large Page Support: Disabled
 NUMA Support: Disabled
 Compressed Oops: Enabled (32-bit)
 Heap Region Size: 1M
 Heap Min Capacity: 8M
 Heap Initial Capacity: 510M
 Heap Max Capacity: 512M
 Pre-touch: Disabled
 Parallel Workers: 8
 Concurrent Workers: 2
 Concurrent Refinement Workers: 8
 Periodic GC: Disabled
Heap:
 garbage-first heap   total 71680K, used 49176K [0x00000000e0000000, 0x0000000100000000)
  region size 1024K, 26 young (26624K), 4 survivors (4096K)
 Metaspace       used 56999K, committed 57600K, reserved 1114112K
  class space    used 6955K, committed 7232K, reserved 1048576K
GC Heap History (20 events):
Event: 9.531 GC heap before
{Heap before GC invocations=15 (full 0):
 garbage-first heap   total 71680K, used 59433K [0x00000000e0000000, 0x0000000100000000)
  region size 1024K, 40 young (40960K), 2 survivors (2048K)
 Metaspace       used 41991K, committed 42432K, reserved 1114112K
  class space    used 5168K, committed 5376K, reserved 1048576K
}
Event: 9.534 GC heap after
{Heap after GC invocations=16 (full 0):
 garbage-first heap   total 71680K, used 21657K [0x00000000e0000000, 0x0000000100000000)
  region size 1024K, 3 young (3072K), 3 survivors (3072K)
 Metaspace       used 41991K, committed 42432K, reserved 1114112K
  class space    used 5168K, committed 5376K, reserved 1048576K
}
Event: 9.938 GC heap before
{Heap before GC invocations=16 (full 0):
 garbage-first heap   total 71680K, used 59545K [0x00000000e0000000, 0x0000000100000000)
  region size 1024K, 40 young (40960K), 3 survivors (3072K)
 Metaspace       used 43667K, committed 44160K, reserved 1114112K
  class space    used 5418K, committed 5632K, reserved 1048576K
}
Event: 9.942 GC heap after
{Heap after GC invocations=17 (full 0):
 garbage-first heap   total 71680K, used 23175K [0x00000000e0000000, 0x0000000100000000)
  region size 1024K, 3 young (3072K), 3 survivors (3072K)
 Metaspace       used 43667K, committed 44160K, reserved 1114112K
  class space    used 5418K, committed 5632K, reserved 1048576K
}
Event: 10.242 GC heap before
{Heap before GC invocations=17 (full 0):
 garbage-first heap   total 71680K, used 59015K [0x00000000e0000000, 0x0000000100000000)
  region size 1024K, 38 young (38912K), 3 survivors (3072K)
 Metaspace       used 45444K, committed 45952K, reserved 1114112K
  class space    used 5607K, committed 5824K, reserved 1048576K
}
Event: 10.245 GC heap after
{Heap after GC invocations=18 (full 0):
 garbage-first heap   total 71680K, used 23446K [0x00000000e0000000, 0x0000000100000000)
  region size 1024K, 2 young (2048K), 2 survivors (2048K)
 Metaspace       used 45444K, committed 45952K, reserved 1114112K
  class space    used 5607K, committed 5824K, reserved 1048576K
}
Event: 10.450 GC heap before
{Heap before GC invocations=18 (full 0):
 garbage-first heap   total 71680K, used 59286K [0x00000000e0000000, 0x0000000100000000)
  region size 1024K, 38 young (38912K), 2 survivors (2048K)
 Metaspace       used 47031K, committed 47424K, reserved 1114112K
  class space    used 5769K, committed 5952K, reserved 1048576K
}
Event: 10.452 GC heap after
{Heap after GC invocations=19 (full 0):
 garbage-first heap   total 71680K, used 23939K [0x00000000e0000000, 0x0000000100000000)
  region size 1024K, 3 young (3072K), 3 survivors (3072K)
 Metaspace       used 47031K, committed 47424K, reserved 1114112K
  class space    used 5769K, committed 5952K, reserved 1048576K
}
Event: 10.668 GC heap before
{Heap before GC invocations=19 (full 0):
 garbage-first heap   total 71680K, used 58755K [0x00000000e0000000, 0x0000000100000000)
  region size 1024K, 38 young (38912K), 3 survivors (3072K)
 Metaspace       used 48293K, committed 48704K, reserved 1114112K
  class space    used 5884K, committed 6080K, reserved 1048576K
}
Event: 10.672 GC heap after
{Heap after GC invocations=20 (full 0):
 garbage-first heap   total 71680K, used 25871K [0x00000000e0000000, 0x0000000100000000)
  region size 1024K, 5 young (5120K), 5 survivors (5120K)
 Metaspace       used 48293K, committed 48704K, reserved 1114112K
  class space    used 5884K, committed 6080K, reserved 1048576K
}
Event: 10.829 GC heap before
{Heap before GC invocations=20 (full 0):
 garbage-first heap   total 71680K, used 58639K [0x00000000e0000000, 0x0000000100000000)
  region size 1024K, 37 young (37888K), 5 survivors (5120K)
 Metaspace       used 49311K, committed 49728K, reserved 1114112K
  class space    used 5980K, committed 6144K, reserved 1048576K
}
Event: 10.832 GC heap after
{Heap after GC invocations=21 (full 0):
 garbage-first heap   total 71680K, used 24664K [0x00000000e0000000, 0x0000000100000000)
  region size 1024K, 2 young (2048K), 2 survivors (2048K)
 Metaspace       used 49311K, committed 49728K, reserved 1114112K
  class space    used 5980K, committed 6144K, reserved 1048576K
}
Event: 11.127 GC heap before
{Heap before GC invocations=21 (full 0):
 garbage-first heap   total 71680K, used 59480K [0x00000000e0000000, 0x0000000100000000)
  region size 1024K, 36 young (36864K), 2 survivors (2048K)
 Metaspace       used 50910K, committed 51456K, reserved 1114112K
  class space    used 6187K, committed 6464K, reserved 1048576K
}
Event: 11.129 GC heap after
{Heap after GC invocations=22 (full 0):
 garbage-first heap   total 71680K, used 24726K [0x00000000e0000000, 0x0000000100000000)
  region size 1024K, 2 young (2048K), 2 survivors (2048K)
 Metaspace       used 50910K, committed 51456K, reserved 1114112K
  class space    used 6187K, committed 6464K, reserved 1048576K
}
Event: 11.451 GC heap before
{Heap before GC invocations=22 (full 0):
 garbage-first heap   total 71680K, used 60566K [0x00000000e0000000, 0x0000000100000000)
  region size 1024K, 37 young (37888K), 2 survivors (2048K)
 Metaspace       used 52562K, committed 53120K, reserved 1114112K
  class space    used 6392K, committed 6656K, reserved 1048576K
}
Event: 11.455 GC heap after
{Heap after GC invocations=23 (full 0):
 garbage-first heap   total 71680K, used 25311K [0x00000000e0000000, 0x0000000100000000)
  region size 1024K, 2 young (2048K), 2 survivors (2048K)
 Metaspace       used 52562K, committed 53120K, reserved 1114112K
  class space    used 6392K, committed 6656K, reserved 1048576K
}
Event: 11.894 GC heap before
{Heap before GC invocations=23 (full 0):
 garbage-first heap   total 71680K, used 61151K [0x00000000e0000000, 0x0000000100000000)
  region size 1024K, 37 young (37888K), 2 survivors (2048K)
 Metaspace       used 54075K, committed 54592K, reserved 1114112K
  class space    used 6574K, committed 6848K, reserved 1048576K
}
Event: 11.898 GC heap after
{Heap after GC invocations=24 (full 0):
 garbage-first heap   total 71680K, used 26575K [0x00000000e0000000, 0x0000000100000000)
  region size 1024K, 4 young (4096K), 4 survivors (4096K)
 Metaspace       used 54075K, committed 54592K, reserved 1114112K
  class space    used 6574K, committed 6848K, reserved 1048576K
}
Event: 12.581 GC heap before
{Heap before GC invocations=24 (full 0):
 garbage-first heap   total 71680K, used 59343K [0x00000000e0000000, 0x0000000100000000)
  region size 1024K, 36 young (36864K), 4 survivors (4096K)
 Metaspace       used 55342K, committed 55872K, reserved 1114112K
  class space    used 6730K, committed 6976K, reserved 1048576K
}
Event: 12.586 GC heap after
{Heap after GC invocations=25 (full 0):
 garbage-first heap   total 71680K, used 27672K [0x00000000e0000000, 0x0000000100000000)
  region size 1024K, 4 young (4096K), 4 survivors (4096K)
 Metaspace       used 55342K, committed 55872K, reserved 1114112K
  class space    used 6730K, committed 6976K, reserved 1048576K
}

