# JRE version: OpenJDK Runtime Environment Corretto-17.0.12.7.1 (17.0.12+7) (build 17.0.12+7-LTS)
# Java VM: OpenJDK 64-Bit Server VM Corretto-17.0.12.7.1 (17.0.12+7-LTS, mixed mode, sharing, tiered, compressed oops, compressed class ptrs, g1 gc, windows-amd64)
GC Precious Log:
 CPUs: 8 total, 8 available
 Memory: 32623M
 Large Page Support: Disabled
 NUMA Support: Disabled
 Compressed Oops: Enabled (32-bit)
 Heap Region Size: 1M
 Heap Min Capacity: 256M
 Heap Initial Capacity: 256M
 Heap Max Capacity: 512M
 Pre-touch: Disabled
 Parallel Workers: 8
 Concurrent Workers: 2
 Concurrent Refinement Workers: 8
 Periodic GC: Disabled
Heap:
 garbage-first heap   total 262144K, used 193312K [0x00000000e0000000, 0x0000000100000000)
  region size 1024K, 26 young (26624K), 5 survivors (5120K)
 Metaspace       used 102395K, committed 103936K, reserved 458752K
  class space    used 13384K, committed 14144K, reserved 327680K
GC Heap History (20 events):
Event: 1439.318 GC heap before
{Heap before GC invocations=50 (full 0):
 garbage-first heap   total 262144K, used 206540K [0x00000000e0000000, 0x0000000100000000)
  region size 1024K, 91 young (93184K), 6 survivors (6144K)
 Metaspace       used 90006K, committed 91456K, reserved 458752K
  class space    used 11813K, committed 12544K, reserved 327680K
}
Event: 1439.332 GC heap after
{Heap after GC invocations=51 (full 0):
 garbage-first heap   total 262144K, used 123382K [0x00000000e0000000, 0x0000000100000000)
  region size 1024K, 10 young (10240K), 10 survivors (10240K)
 Metaspace       used 90006K, committed 91456K, reserved 458752K
  class space    used 11813K, committed 12544K, reserved 327680K
}
Event: 1441.436 GC heap before
{Heap before GC invocations=51 (full 0):
 garbage-first heap   total 262144K, used 209398K [0x00000000e0000000, 0x0000000100000000)
  region size 1024K, 94 young (96256K), 10 survivors (10240K)
 Metaspace       used 90006K, committed 91456K, reserved 458752K
  class space    used 11813K, committed 12544K, reserved 327680K
}
Event: 1441.450 GC heap after
{Heap after GC invocations=52 (full 0):
 garbage-first heap   total 262144K, used 125699K [0x00000000e0000000, 0x0000000100000000)
  region size 1024K, 8 young (8192K), 8 survivors (8192K)
 Metaspace       used 90006K, committed 91456K, reserved 458752K
  class space    used 11813K, committed 12544K, reserved 327680K
}
Event: 1443.988 GC heap before
{Heap before GC invocations=52 (full 0):
 garbage-first heap   total 262144K, used 210691K [0x00000000e0000000, 0x0000000100000000)
  region size 1024K, 92 young (94208K), 8 survivors (8192K)
 Metaspace       used 91223K, committed 92736K, reserved 458752K
  class space    used 11963K, committed 12736K, reserved 327680K
}
Event: 1444.002 GC heap after
{Heap after GC invocations=53 (full 0):
 garbage-first heap   total 262144K, used 140859K [0x00000000e0000000, 0x0000000100000000)
  region size 1024K, 12 young (12288K), 12 survivors (12288K)
 Metaspace       used 91223K, committed 92736K, reserved 458752K
  class space    used 11963K, committed 12736K, reserved 327680K
}
Event: 1445.856 GC heap before
{Heap before GC invocations=53 (full 0):
 garbage-first heap   total 262144K, used 209467K [0x00000000e0000000, 0x0000000100000000)
  region size 1024K, 79 young (80896K), 12 survivors (12288K)
 Metaspace       used 95160K, committed 96640K, reserved 458752K
  class space    used 12512K, committed 13248K, reserved 327680K
}
Event: 1445.870 GC heap after
{Heap after GC invocations=54 (full 0):
 garbage-first heap   total 262144K, used 145311K [0x00000000e0000000, 0x0000000100000000)
  region size 1024K, 4 young (4096K), 4 survivors (4096K)
 Metaspace       used 95160K, committed 96640K, reserved 458752K
  class space    used 12512K, committed 13248K, reserved 327680K
}
Event: 1497.313 GC heap before
{Heap before GC invocations=54 (full 0):
 garbage-first heap   total 262144K, used 212895K [0x00000000e0000000, 0x0000000100000000)
  region size 1024K, 71 young (72704K), 4 survivors (4096K)
 Metaspace       used 96184K, committed 97728K, reserved 458752K
  class space    used 12596K, committed 13376K, reserved 327680K
}
Event: 1497.325 GC heap after
{Heap after GC invocations=55 (full 0):
 garbage-first heap   total 262144K, used 148700K [0x00000000e0000000, 0x0000000100000000)
  region size 1024K, 8 young (8192K), 8 survivors (8192K)
 Metaspace       used 96184K, committed 97728K, reserved 458752K
  class space    used 12596K, committed 13376K, reserved 327680K
}
Event: 1500.026 GC heap before
{Heap before GC invocations=55 (full 0):
 garbage-first heap   total 262144K, used 215260K [0x00000000e0000000, 0x0000000100000000)
  region size 1024K, 73 young (74752K), 8 survivors (8192K)
 Metaspace       used 96218K, committed 97792K, reserved 458752K
  class space    used 12596K, committed 13376K, reserved 327680K
}
Event: 1500.036 GC heap after
{Heap after GC invocations=56 (full 0):
 garbage-first heap   total 262144K, used 154605K [0x00000000e0000000, 0x0000000100000000)
  region size 1024K, 10 young (10240K), 10 survivors (10240K)
 Metaspace       used 96218K, committed 97792K, reserved 458752K
  class space    used 12596K, committed 13376K, reserved 327680K
}
Event: 1501.798 GC heap before
{Heap before GC invocations=56 (full 0):
 garbage-first heap   total 262144K, used 217069K [0x00000000e0000000, 0x0000000100000000)
  region size 1024K, 72 young (73728K), 10 survivors (10240K)
 Metaspace       used 96393K, committed 97920K, reserved 458752K
  class space    used 12614K, committed 13376K, reserved 327680K
}
Event: 1501.810 GC heap after
{Heap after GC invocations=57 (full 0):
 garbage-first heap   total 262144K, used 161755K [0x00000000e0000000, 0x0000000100000000)
  region size 1024K, 9 young (9216K), 9 survivors (9216K)
 Metaspace       used 96393K, committed 97920K, reserved 458752K
  class space    used 12614K, committed 13376K, reserved 327680K
}
Event: 1503.398 GC heap before
{Heap before GC invocations=57 (full 0):
 garbage-first heap   total 262144K, used 215003K [0x00000000e0000000, 0x0000000100000000)
  region size 1024K, 62 young (63488K), 9 survivors (9216K)
 Metaspace       used 97752K, committed 99328K, reserved 458752K
  class space    used 12785K, committed 13568K, reserved 327680K
}
Event: 1503.408 GC heap after
{Heap after GC invocations=58 (full 0):
 garbage-first heap   total 262144K, used 168658K [0x00000000e0000000, 0x0000000100000000)
  region size 1024K, 7 young (7168K), 7 survivors (7168K)
 Metaspace       used 97752K, committed 99328K, reserved 458752K
  class space    used 12785K, committed 13568K, reserved 327680K
}
Event: 1504.657 GC heap before
{Heap before GC invocations=58 (full 0):
 garbage-first heap   total 262144K, used 214738K [0x00000000e0000000, 0x0000000100000000)
  region size 1024K, 53 young (54272K), 7 survivors (7168K)
 Metaspace       used 99744K, committed 101312K, reserved 458752K
  class space    used 13046K, committed 13824K, reserved 327680K
}
Event: 1504.666 GC heap after
{Heap after GC invocations=59 (full 0):
 garbage-first heap   total 262144K, used 171928K [0x00000000e0000000, 0x0000000100000000)
  region size 1024K, 4 young (4096K), 4 survivors (4096K)
 Metaspace       used 99744K, committed 101312K, reserved 458752K
  class space    used 13046K, committed 13824K, reserved 327680K
}
Event: 1506.390 GC heap before
{Heap before GC invocations=59 (full 0):
 garbage-first heap   total 262144K, used 218008K [0x00000000e0000000, 0x0000000100000000)
  region size 1024K, 49 young (50176K), 4 survivors (4096K)
 Metaspace       used 102194K, committed 103744K, reserved 458752K
  class space    used 13375K, committed 14144K, reserved 327680K
}
Event: 1506.399 GC heap after
{Heap after GC invocations=60 (full 0):
 garbage-first heap   total 262144K, used 172832K [0x00000000e0000000, 0x0000000100000000)
  region size 1024K, 5 young (5120K), 5 survivors (5120K)
 Metaspace       used 102194K, committed 103744K, reserved 458752K
  class space    used 13375K, committed 14144K, reserved 327680K
}

