# JRE version: OpenJDK Runtime Environment Corretto-17.0.12.7.1 (17.0.12+7) (build 17.0.12+7-LTS)
# Java VM: OpenJDK 64-Bit Server VM Corretto-17.0.12.7.1 (17.0.12+7-LTS, mixed mode, sharing, tiered, compressed oops, compressed class ptrs, g1 gc, windows-amd64)
GC Precious Log:
 CPUs: 8 total, 8 available
 Memory: 32623M
 Large Page Support: Disabled
 NUMA Support: Disabled
 Compressed Oops: Enabled (32-bit)
 Heap Region Size: 1M
 Heap Min Capacity: 256M
 Heap Initial Capacity: 256M
 Heap Max Capacity: 512M
 Pre-touch: Disabled
 Parallel Workers: 8
 Concurrent Workers: 2
 Concurrent Refinement Workers: 8
 Periodic GC: Disabled
Heap:
 garbage-first heap   total 262144K, used 149945K [0x00000000e0000000, 0x0000000100000000)
  region size 1024K, 32 young (32768K), 2 survivors (2048K)
 Metaspace       used 87165K, committed 88576K, reserved 458752K
  class space    used 11449K, committed 12160K, reserved 327680K
GC Heap History (20 events):
Event: 10955.730 GC heap before
{Heap before GC invocations=56 (full 0):
 garbage-first heap   total 262144K, used 204724K [0x00000000e0000000, 0x0000000100000000)
  region size 1024K, 129 young (132096K), 18 survivors (18432K)
 Metaspace       used 84317K, committed 85568K, reserved 458752K
  class space    used 11093K, committed 11712K, reserved 327680K
}
Event: 10955.746 GC heap after
{Heap after GC invocations=57 (full 0):
 garbage-first heap   total 262144K, used 95062K [0x00000000e0000000, 0x0000000100000000)
  region size 1024K, 7 young (7168K), 7 survivors (7168K)
 Metaspace       used 84317K, committed 85568K, reserved 458752K
  class space    used 11093K, committed 11712K, reserved 327680K
}
Event: 10974.868 GC heap before
{Heap before GC invocations=57 (full 0):
 garbage-first heap   total 262144K, used 206678K [0x00000000e0000000, 0x0000000100000000)
  region size 1024K, 117 young (119808K), 7 survivors (7168K)
 Metaspace       used 84381K, committed 85632K, reserved 458752K
  class space    used 11097K, committed 11712K, reserved 327680K
}
Event: 10974.874 GC heap after
{Heap after GC invocations=58 (full 0):
 garbage-first heap   total 262144K, used 95106K [0x00000000e0000000, 0x0000000100000000)
  region size 1024K, 7 young (7168K), 7 survivors (7168K)
 Metaspace       used 84381K, committed 85632K, reserved 458752K
  class space    used 11097K, committed 11712K, reserved 327680K
}
Event: 10988.492 GC heap before
{Heap before GC invocations=59 (full 0):
 garbage-first heap   total 262144K, used 212866K [0x00000000e0000000, 0x0000000100000000)
  region size 1024K, 122 young (124928K), 7 survivors (7168K)
 Metaspace       used 84864K, committed 86208K, reserved 458752K
  class space    used 11171K, committed 11840K, reserved 327680K
}
Event: 10988.500 GC heap after
{Heap after GC invocations=60 (full 0):
 garbage-first heap   total 262144K, used 97280K [0x00000000e0000000, 0x0000000100000000)
  region size 1024K, 9 young (9216K), 9 survivors (9216K)
 Metaspace       used 84864K, committed 86208K, reserved 458752K
  class space    used 11171K, committed 11840K, reserved 327680K
}
Event: 10988.554 GC heap before
{Heap before GC invocations=60 (full 0):
 garbage-first heap   total 262144K, used 100352K [0x00000000e0000000, 0x0000000100000000)
  region size 1024K, 12 young (12288K), 9 survivors (9216K)
 Metaspace       used 84864K, committed 86208K, reserved 458752K
  class space    used 11171K, committed 11840K, reserved 327680K
}
Event: 10988.571 GC heap after
{Heap after GC invocations=61 (full 0):
 garbage-first heap   total 262144K, used 92748K [0x00000000e0000000, 0x0000000100000000)
  region size 1024K, 2 young (2048K), 2 survivors (2048K)
 Metaspace       used 84864K, committed 86208K, reserved 458752K
  class space    used 11171K, committed 11840K, reserved 327680K
}
Event: 11195.373 GC heap before
{Heap before GC invocations=61 (full 0):
 garbage-first heap   total 262144K, used 213580K [0x00000000e0000000, 0x0000000100000000)
  region size 1024K, 121 young (123904K), 2 survivors (2048K)
 Metaspace       used 84992K, committed 86336K, reserved 458752K
  class space    used 11185K, committed 11904K, reserved 327680K
}
Event: 11195.380 GC heap after
{Heap after GC invocations=62 (full 0):
 garbage-first heap   total 262144K, used 99275K [0x00000000e0000000, 0x0000000100000000)
  region size 1024K, 9 young (9216K), 9 survivors (9216K)
 Metaspace       used 84992K, committed 86336K, reserved 458752K
  class space    used 11185K, committed 11904K, reserved 327680K
}
Event: 11209.748 GC heap before
{Heap before GC invocations=62 (full 0):
 garbage-first heap   total 262144K, used 212939K [0x00000000e0000000, 0x0000000100000000)
  region size 1024K, 120 young (122880K), 9 survivors (9216K)
 Metaspace       used 85023K, committed 86400K, reserved 458752K
  class space    used 11187K, committed 11904K, reserved 327680K
}
Event: 11209.759 GC heap after
{Heap after GC invocations=63 (full 0):
 garbage-first heap   total 262144K, used 103611K [0x00000000e0000000, 0x0000000100000000)
  region size 1024K, 5 young (5120K), 5 survivors (5120K)
 Metaspace       used 85023K, committed 86400K, reserved 458752K
  class space    used 11187K, committed 11904K, reserved 327680K
}
Event: 11218.538 GC heap before
{Heap before GC invocations=63 (full 0):
 garbage-first heap   total 262144K, used 214203K [0x00000000e0000000, 0x0000000100000000)
  region size 1024K, 114 young (116736K), 5 survivors (5120K)
 Metaspace       used 86888K, committed 88320K, reserved 458752K
  class space    used 11419K, committed 12096K, reserved 327680K
}
Event: 11218.551 GC heap after
{Heap after GC invocations=64 (full 0):
 garbage-first heap   total 262144K, used 118546K [0x00000000e0000000, 0x0000000100000000)
  region size 1024K, 15 young (15360K), 15 survivors (15360K)
 Metaspace       used 86888K, committed 88320K, reserved 458752K
  class space    used 11419K, committed 12096K, reserved 327680K
}
Event: 11223.738 GC heap before
{Heap before GC invocations=65 (full 0):
 garbage-first heap   total 262144K, used 205586K [0x00000000e0000000, 0x0000000100000000)
  region size 1024K, 103 young (105472K), 15 survivors (15360K)
 Metaspace       used 87140K, committed 88576K, reserved 458752K
  class space    used 11449K, committed 12160K, reserved 327680K
}
Event: 11223.759 GC heap after
{Heap after GC invocations=66 (full 0):
 garbage-first heap   total 262144K, used 134347K [0x00000000e0000000, 0x0000000100000000)
  region size 1024K, 13 young (13312K), 13 survivors (13312K)
 Metaspace       used 87140K, committed 88576K, reserved 458752K
  class space    used 11449K, committed 12160K, reserved 327680K
}
Event: 11223.770 GC heap before
{Heap before GC invocations=66 (full 0):
 garbage-first heap   total 262144K, used 135371K [0x00000000e0000000, 0x0000000100000000)
  region size 1024K, 14 young (14336K), 13 survivors (13312K)
 Metaspace       used 87140K, committed 88576K, reserved 458752K
  class space    used 11449K, committed 12160K, reserved 327680K
}
Event: 11223.789 GC heap after
{Heap after GC invocations=67 (full 0):
 garbage-first heap   total 262144K, used 118447K [0x00000000e0000000, 0x0000000100000000)
  region size 1024K, 2 young (2048K), 2 survivors (2048K)
 Metaspace       used 87140K, committed 88576K, reserved 458752K
  class space    used 11449K, committed 12160K, reserved 327680K
}
Event: 11224.003 GC heap before
{Heap before GC invocations=67 (full 0):
 garbage-first heap   total 262144K, used 128687K [0x00000000e0000000, 0x0000000100000000)
  region size 1024K, 12 young (12288K), 2 survivors (2048K)
 Metaspace       used 87141K, committed 88576K, reserved 458752K
  class space    used 11449K, committed 12160K, reserved 327680K
}
Event: 11224.011 GC heap after
{Heap after GC invocations=68 (full 0):
 garbage-first heap   total 262144K, used 120249K [0x00000000e0000000, 0x0000000100000000)
  region size 1024K, 2 young (2048K), 2 survivors (2048K)
 Metaspace       used 87141K, committed 88576K, reserved 458752K
  class space    used 11449K, committed 12160K, reserved 327680K
}

