# JRE version: Java(TM) SE Runtime Environment (17.0.12+8) (build 17.0.12+8-LTS-286)
# Java VM: Java HotSpot(TM) 64-Bit Server VM (17.0.12+8-LTS-286, mixed mode, sharing, tiered, compressed oops, compressed class ptrs, g1 gc, windows-amd64)
GC Precious Log:
 CPUs: 8 total, 8 available
 Memory: 32623M
 Large Page Support: Disabled
 NUMA Support: Disabled
 Compressed Oops: Enabled (32-bit)
 Heap Region Size: 1M
 Heap Min Capacity: 256M
 Heap Initial Capacity: 256M
 Heap Max Capacity: 512M
 Pre-touch: Disabled
 Parallel Workers: 8
 Concurrent Workers: 2
 Concurrent Refinement Workers: 8
 Periodic GC: Disabled
Heap:
 garbage-first heap   total 262144K, used 145292K [0x00000000e0000000, 0x0000000100000000)
  region size 1024K, 54 young (55296K), 9 survivors (9216K)
 Metaspace       used 75135K, committed 76032K, reserved 458752K
  class space    used 10119K, committed 10560K, reserved 327680K
GC Heap History (20 events):
Event: 70.382 GC heap before
{Heap before GC invocations=14 (full 0):
 garbage-first heap   total 262144K, used 196935K [0x00000000e0000000, 0x0000000100000000)
  region size 1024K, 129 young (132096K), 16 survivors (16384K)
 Metaspace       used 73423K, committed 74176K, reserved 393216K
  class space    used 10047K, committed 10432K, reserved 327680K
}
Event: 70.398 GC heap after
{Heap after GC invocations=15 (full 0):
 garbage-first heap   total 262144K, used 87404K [0x00000000e0000000, 0x0000000100000000)
  region size 1024K, 10 young (10240K), 10 survivors (10240K)
 Metaspace       used 73423K, committed 74176K, reserved 393216K
  class space    used 10047K, committed 10432K, reserved 327680K
}
Event: 71.935 GC heap before
{Heap before GC invocations=15 (full 0):
 garbage-first heap   total 262144K, used 200044K [0x00000000e0000000, 0x0000000100000000)
  region size 1024K, 120 young (122880K), 10 survivors (10240K)
 Metaspace       used 73720K, committed 74496K, reserved 393216K
  class space    used 10048K, committed 10432K, reserved 327680K
}
Event: 71.948 GC heap after
{Heap after GC invocations=16 (full 0):
 garbage-first heap   total 262144K, used 94675K [0x00000000e0000000, 0x0000000100000000)
  region size 1024K, 12 young (12288K), 12 survivors (12288K)
 Metaspace       used 73720K, committed 74496K, reserved 393216K
  class space    used 10048K, committed 10432K, reserved 327680K
}
Event: 91.101 GC heap before
{Heap before GC invocations=16 (full 0):
 garbage-first heap   total 262144K, used 201171K [0x00000000e0000000, 0x0000000100000000)
  region size 1024K, 117 young (119808K), 12 survivors (12288K)
 Metaspace       used 74257K, committed 75008K, reserved 393216K
  class space    used 10078K, committed 10432K, reserved 327680K
}
Event: 91.110 GC heap after
{Heap after GC invocations=17 (full 0):
 garbage-first heap   total 262144K, used 98497K [0x00000000e0000000, 0x0000000100000000)
  region size 1024K, 10 young (10240K), 10 survivors (10240K)
 Metaspace       used 74257K, committed 75008K, reserved 393216K
  class space    used 10078K, committed 10432K, reserved 327680K
}
Event: 142.485 GC heap before
{Heap before GC invocations=17 (full 0):
 garbage-first heap   total 262144K, used 203969K [0x00000000e0000000, 0x0000000100000000)
  region size 1024K, 114 young (116736K), 10 survivors (10240K)
 Metaspace       used 74418K, committed 75200K, reserved 393216K
  class space    used 10080K, committed 10432K, reserved 327680K
}
Event: 142.490 GC heap after
{Heap after GC invocations=18 (full 0):
 garbage-first heap   total 262144K, used 95365K [0x00000000e0000000, 0x0000000100000000)
  region size 1024K, 5 young (5120K), 5 survivors (5120K)
 Metaspace       used 74418K, committed 75200K, reserved 393216K
  class space    used 10080K, committed 10432K, reserved 327680K
}
Event: 143.396 GC heap before
{Heap before GC invocations=18 (full 0):
 garbage-first heap   total 262144K, used 205957K [0x00000000e0000000, 0x0000000100000000)
  region size 1024K, 114 young (116736K), 5 survivors (5120K)
 Metaspace       used 74450K, committed 75200K, reserved 393216K
  class space    used 10080K, committed 10432K, reserved 327680K
}
Event: 143.405 GC heap after
{Heap after GC invocations=19 (full 0):
 garbage-first heap   total 262144K, used 104579K [0x00000000e0000000, 0x0000000100000000)
  region size 1024K, 14 young (14336K), 14 survivors (14336K)
 Metaspace       used 74450K, committed 75200K, reserved 393216K
  class space    used 10080K, committed 10432K, reserved 327680K
}
Event: 152.448 GC heap before
{Heap before GC invocations=19 (full 0):
 garbage-first heap   total 262144K, used 205955K [0x00000000e0000000, 0x0000000100000000)
  region size 1024K, 114 young (116736K), 14 survivors (14336K)
 Metaspace       used 74654K, committed 75456K, reserved 393216K
  class space    used 10094K, committed 10496K, reserved 327680K
}
Event: 152.454 GC heap after
{Heap after GC invocations=20 (full 0):
 garbage-first heap   total 262144K, used 101200K [0x00000000e0000000, 0x0000000100000000)
  region size 1024K, 11 young (11264K), 11 survivors (11264K)
 Metaspace       used 74654K, committed 75456K, reserved 393216K
  class space    used 10094K, committed 10496K, reserved 327680K
}
Event: 180.118 GC heap before
{Heap before GC invocations=20 (full 0):
 garbage-first heap   total 262144K, used 204624K [0x00000000e0000000, 0x0000000100000000)
  region size 1024K, 113 young (115712K), 11 survivors (11264K)
 Metaspace       used 74768K, committed 75584K, reserved 393216K
  class space    used 10096K, committed 10496K, reserved 327680K
}
Event: 180.122 GC heap after
{Heap after GC invocations=21 (full 0):
 garbage-first heap   total 262144K, used 96170K [0x00000000e0000000, 0x0000000100000000)
  region size 1024K, 5 young (5120K), 5 survivors (5120K)
 Metaspace       used 74768K, committed 75584K, reserved 393216K
  class space    used 10096K, committed 10496K, reserved 327680K
}
Event: 207.481 GC heap before
{Heap before GC invocations=21 (full 0):
 garbage-first heap   total 262144K, used 209834K [0x00000000e0000000, 0x0000000100000000)
  region size 1024K, 116 young (118784K), 5 survivors (5120K)
 Metaspace       used 74839K, committed 75648K, reserved 393216K
  class space    used 10097K, committed 10496K, reserved 327680K
}
Event: 207.483 GC heap after
{Heap after GC invocations=22 (full 0):
 garbage-first heap   total 262144K, used 92253K [0x00000000e0000000, 0x0000000100000000)
  region size 1024K, 2 young (2048K), 2 survivors (2048K)
 Metaspace       used 74839K, committed 75648K, reserved 393216K
  class space    used 10097K, committed 10496K, reserved 327680K
}
Event: 209.109 GC heap before
{Heap before GC invocations=22 (full 0):
 garbage-first heap   total 262144K, used 212061K [0x00000000e0000000, 0x0000000100000000)
  region size 1024K, 120 young (122880K), 2 survivors (2048K)
 Metaspace       used 75006K, committed 75840K, reserved 458752K
  class space    used 10111K, committed 10496K, reserved 327680K
}
Event: 209.120 GC heap after
{Heap after GC invocations=23 (full 0):
 garbage-first heap   total 262144K, used 104408K [0x00000000e0000000, 0x0000000100000000)
  region size 1024K, 13 young (13312K), 13 survivors (13312K)
 Metaspace       used 75006K, committed 75840K, reserved 458752K
  class space    used 10111K, committed 10496K, reserved 327680K
}
Event: 219.335 GC heap before
{Heap before GC invocations=23 (full 0):
 garbage-first heap   total 262144K, used 210904K [0x00000000e0000000, 0x0000000100000000)
  region size 1024K, 118 young (120832K), 13 survivors (13312K)
 Metaspace       used 75133K, committed 76032K, reserved 458752K
  class space    used 10119K, committed 10560K, reserved 327680K
}
Event: 219.344 GC heap after
{Heap after GC invocations=24 (full 0):
 garbage-first heap   total 262144K, used 100236K [0x00000000e0000000, 0x0000000100000000)
  region size 1024K, 9 young (9216K), 9 survivors (9216K)
 Metaspace       used 75133K, committed 76032K, reserved 458752K
  class space    used 10119K, committed 10560K, reserved 327680K
}

